[17Jul2025 00:04:12.762] [Server thread/INFO] [net.minecraft.server.network.ServerGamePacketListenerImpl/]: crushedtitan191 lost connection: Disconnected
[17Jul2025 00:04:12.764] [Server thread/INFO] [net.minecraft.server.MinecraftServer/]: crushedtitan191 left the game
[17Jul2025 01:54:33.924] [Server thread/INFO] [net.minecraft.server.players.PlayerList/]: crushedtitan191[/127.206.217.224:38473] logged in with entity id 27077 at (281.13021560013294, 138.97040630993433, -1586.6620402671397)
[17Jul2025 01:54:33.946] [Server thread/INFO] [net.minecraft.server.MinecraftServer/]: crushedtitan191 joined the game
[17Jul2025 01:58:31.662] [Server thread/ERROR] [VS2 Get Entities Mixin/]: java.lang.Exception: Collision box is too big! AABB[-2.86535645E7, 133.0, -1588.436810258776] -> [281.1797133181244, 138.45163211274277, 1.22900515E7] returning empty list! this might break things
[17Jul2025 01:58:48.462] [Server thread/ERROR] [VS2 Get Entities Mixin/]: java.lang.Exception: Collision box is too big! AABB[-2.86535645E7, 133.0, -1588.436810258776] -> [281.1797133181244, 138.45163211274277, 1.22900515E7] returning empty list! this might break things
[17Jul2025 01:58:53.510] [Server thread/ERROR] [VS2 Get Entities Mixin/]: java.lang.Exception: Collision box is too big! AABB[-2.86535645E7, 133.0, -1588.436810258776] -> [281.1797133181244, 138.45163211274277, 1.22900515E7] returning empty list! this might break things
[17Jul2025 01:58:58.510] [Server thread/ERROR] [VS2 Get Entities Mixin/]: java.lang.Exception: Collision box is too big! AABB[-2.86535645E7, 133.0, -1588.436810258776] -> [281.1797133181244, 138.45163211274277, 1.22900515E7] returning empty list! this might break things
[17Jul2025 01:59:14.261] [Server thread/ERROR] [VS2 Get Entities Mixin/]: java.lang.Exception: Collision box is too big! AABB[-2.86535645E7, 120.69997863764712, -1610.1621188297868] -> [288.9799110852182, 133.0, 1.22900515E7] returning empty list! this might break things
[17Jul2025 01:59:19.311] [Server thread/ERROR] [VS2 Get Entities Mixin/]: java.lang.Exception: Collision box is too big! AABB[-2.86535645E7, 120.69997863764706, -1610.1621203422546] -> [288.9799122400582, 133.0, 1.22900515E7] returning empty list! this might break things
[17Jul2025 01:59:31.460] [Server thread/ERROR] [VS2 Get Entities Mixin/]: java.lang.Exception: Collision box is too big! AABB[-2.86535645E7, 120.69997863765549, -1610.1620956137776] -> [288.97988724708557, 133.0, 1.22900515E7] returning empty list! this might break things
[17Jul2025 01:59:36.462] [Server thread/ERROR] [VS2 Get Entities Mixin/]: java.lang.Exception: Collision box is too big! AABB[-2.86535645E7, 127.98189093831581, -1608.6950681671442] -> [289.8892247523203, 133.0, 1.22900515E7] returning empty list! this might break things
[17Jul2025 01:59:41.510] [Server thread/ERROR] [VS2 Get Entities Mixin/]: java.lang.Exception: Collision box is too big! AABB[-2.86535645E7, 126.06359356129002, -1592.7698203376774] -> [298.92525442269067, 133.0, 1.22900515E7] returning empty list! this might break things
[17Jul2025 01:59:46.511] [Server thread/ERROR] [VS2 Get Entities Mixin/]: java.lang.Exception: Collision box is too big! AABB[-2.86535645E7, 121.50730009833342, -1608.2422118627323] -> [294.578808954586, 133.0, 1.22900515E7] returning empty list! this might break things
[17Jul2025 01:59:51.554] [Server thread/ERROR] [VS2 Get Entities Mixin/]: java.lang.Exception: Collision box is too big! AABB[-2.86535645E7, 132.13481500958443, -1597.685641955831] -> [255.2747264301934, 133.9348149619007, 1.22900515E7] returning empty list! this might break things
[17Jul2025 01:59:56.562] [Server thread/ERROR] [VS2 Get Entities Mixin/]: java.lang.Exception: Collision box is too big! AABB[-2.86535645E7, 133.0, -1560.7739953284201] -> [223.42109022863755, 151.53842084126072, 1.22900515E7] returning empty list! this might break things
[17Jul2025 02:00:01.612] [Server thread/ERROR] [VS2 Get Entities Mixin/]: java.lang.Exception: Collision box is too big! AABB[-2.86535645E7, 133.0, -1473.313470295476] -> [219.37991457489656, 159.44770467380314, 1.22900515E7] returning empty list! this might break things
[17Jul2025 02:00:06.613] [Server thread/ERROR] [VS2 Get Entities Mixin/]: java.lang.Exception: Collision box is too big! AABB[-2.86535645E7, 133.0, -1370.6296978439625] -> [189.8838650193677, 177.23532504099373, 1.22900515E7] returning empty list! this might break things
[17Jul2025 02:00:11.658] [Server thread/ERROR] [VS2 Get Entities Mixin/]: java.lang.Exception: Collision box is too big! AABB[-2.86535645E7, 133.0, -1350.0283273679706] -> [139.22460287656787, 201.1388896581982, 1.22900515E7] returning empty list! this might break things
[17Jul2025 02:00:16.700] [Server thread/ERROR] [VS2 Get Entities Mixin/]: java.lang.Exception: Collision box is too big! AABB[-2.86535645E7, 133.0, -1393.9055095113763] -> [107.5366059169681, 185.81511599613208, 1.22900515E7] returning empty list! this might break things
[17Jul2025 02:00:21.710] [Server thread/ERROR] [VS2 Get Entities Mixin/]: java.lang.Exception: Collision box is too big! AABB[-2.86535645E7, 133.0, -1410.238708990054] -> [148.40532902808, 156.75366346485328, 1.22900515E7] returning empty list! this might break things
[17Jul2025 02:00:26.712] [Server thread/ERROR] [VS2 Get Entities Mixin/]: java.lang.Exception: Collision box is too big! AABB[-2.86535645E7, 119.25051184716706, -1362.5676175855424] -> [248.12025012680064, 133.0, 1.22900515E7] returning empty list! this might break things
[17Jul2025 02:00:31.721] [Server thread/ERROR] [VS2 Get Entities Mixin/]: java.lang.Exception: Collision box is too big! AABB[-2.86535645E7, 90.08783119268107, -1280.0854653530935] -> [387.53106886854295, 133.0, 1.22900515E7] returning empty list! this might break things
[17Jul2025 02:00:36.788] [Server thread/ERROR] [VS2 Get Entities Mixin/]: java.lang.Exception: Collision box is too big! AABB[-2.86535645E7, 73.32221978548694, -1261.326856050061] -> [535.9633337336777, 133.0, 1.22900515E7] returning empty list! this might break things
[17Jul2025 02:00:41.812] [Server thread/ERROR] [VS2 Get Entities Mixin/]: java.lang.Exception: Collision box is too big! AABB[-2.86535645E7, 69.26040923832018, -1265.7008528622873] -> [572.2617974295082, 133.0, 1.22900515E7] returning empty list! this might break things
[17Jul2025 02:07:16.961] [Server thread/ERROR] [VS2 Get Entities Mixin/]: java.lang.Exception: Collision box is too big! AABB[-2.86412735E7, 68.0, -1244.485157513462] -> [562.7158080231454, 71.51309777434994, 1.22900535E7] returning empty list! this might break things
[17Jul2025 02:07:21.961] [Server thread/ERROR] [VS2 Get Entities Mixin/]: java.lang.Exception: Collision box is too big! AABB[-2.86412735E7, 68.0, -1244.485157513462] -> [562.7158080231454, 71.51309777434994, 1.22900535E7] returning empty list! this might break things
[17Jul2025 02:07:26.961] [Server thread/ERROR] [VS2 Get Entities Mixin/]: java.lang.Exception: Collision box is too big! AABB[-2.86412735E7, 68.0, -1244.2500461068764] -> [563.0196144428152, 70.51651984689948, 1.22900535E7] returning empty list! this might break things
[17Jul2025 02:07:31.965] [Server thread/ERROR] [VS2 Get Entities Mixin/]: java.lang.Exception: Collision box is too big! AABB[-2.86412735E7, 64.84479831994554, -1203.569693329165] -> [609.8202964725509, 68.0, 1.22900535E7] returning empty list! this might break things
[17Jul2025 02:08:13.694] [Server thread/INFO] [net.minecraft.server.MinecraftServer/]: [crushedtitan191: Set the time to 1000]
[17Jul2025 02:15:26.660] [Server thread/INFO] [net.minecraft.server.network.ServerGamePacketListenerImpl/]: crushedtitan191 lost connection: Disconnected
[17Jul2025 02:15:26.661] [Server thread/INFO] [net.minecraft.server.MinecraftServer/]: crushedtitan191 left the game
[17Jul2025 02:16:16.205] [Server thread/INFO] [net.minecraft.server.MinecraftServer/]: Stopping the server
[17Jul2025 02:16:16.274] [Server thread/INFO] [net.minecraft.server.MinecraftServer/]: Stopping server
[17Jul2025 02:16:16.274] [Server thread/INFO] [net.minecraft.server.MinecraftServer/]: Saving players
[17Jul2025 02:16:16.274] [Server thread/INFO] [net.minecraft.server.MinecraftServer/]: Saving worlds
[17Jul2025 02:16:16.278] [Physics thread/INFO] [Burger Factory/]: Deleting VSPhysicsPipelineStage resources!
[17Jul2025 02:16:16.279] [Physics thread/WARN] [org.valkyrienskies.core.impl.shadow.Ap/]: Physics pipeline ending
[17Jul2025 02:16:16.299] [DefaultDispatcher-worker-4/INFO] [Burger Factory/]: VSPhysicsPipelineStage is fully deleted!
[17Jul2025 02:16:17.223] [Server thread/INFO] [net.minecraft.server.MinecraftServer/]: Saving chunks for level 'ServerLevel[world]'/minecraft:overworld
[17Jul2025 02:16:22.008] [Server thread/INFO] [net.minecraft.server.MinecraftServer/]: Saving chunks for level 'ServerLevel[world]'/minecraft:the_end
[17Jul2025 02:16:22.009] [Server thread/INFO] [net.minecraft.server.MinecraftServer/]: Saving chunks for level 'ServerLevel[world]'/minecraft:the_nether
[17Jul2025 02:16:22.041] [Server thread/INFO] [net.minecraft.server.MinecraftServer/]: ThreadedAnvilChunkStorage (world): All chunks are saved
[17Jul2025 02:16:22.042] [Server thread/INFO] [net.minecraft.server.MinecraftServer/]: ThreadedAnvilChunkStorage (DIM1): All chunks are saved
[17Jul2025 02:16:22.042] [Server thread/INFO] [net.minecraft.server.MinecraftServer/]: ThreadedAnvilChunkStorage (DIM-1): All chunks are saved
[17Jul2025 02:16:22.042] [Server thread/INFO] [net.minecraft.server.MinecraftServer/]: ThreadedAnvilChunkStorage: All dimensions are saved
[17Jul2025 02:16:22.105] [Server thread/INFO] [Framework/]: Unloading server configs...
